<?xml version="1.0" encoding="UTF-8"?>
<testng-results ignored="0" total="1" passed="1" failed="0" skipped="0">
  <reporter-output>
  </reporter-output>
  <suite started-at="2023-02-23T15:49:31 CST" name="Default suite" finished-at="2023-02-23T15:49:39 CST" duration-ms="7860">
    <groups>
    </groups>
    <test started-at="2023-02-23T15:49:31 CST" name="Default test" finished-at="2023-02-23T15:49:39 CST" duration-ms="7860">
      <class name="testng.NewTest1">
        <test-method signature="f()[pri:0, instance:testng.NewTest1@21282ed8]" started-at="2023-02-23T15:49:31 CST" name="f" finished-at="2023-02-23T15:49:39 CST" duration-ms="7820" status="PASS">
          <reporter-output>
          </reporter-output>
        </test-method> <!-- f -->
      </class> <!-- testng.NewTest1 -->
    </test> <!-- Default test -->
  </suite> <!-- Default suite -->
</testng-results>
